[2019-07-16 12:23:25] [IMessager.java] [19] [INFO] INFO:  TEST [GSM arena web tests - testLoginSucces] STARTED at [12:23:25 2019-07-16]
[2019-07-16 12:23:28] [DesktopFactory.java] [19] [INFO] Browser window was maximized
[2019-07-16 12:23:28] [IMessager.java] [19] [INFO] INFO: url 'http://69.46.5.165:85/#/login/#/login' is being opened...
[2019-07-16 12:23:30] [DriverListener.java] [19] [INFO] INFO: url 'http://69.46.5.165:85/#/login/#/login' is opened.
[2019-07-16 12:23:51] [ExtendedWebElement.java] [19] [ERROR] FAIL: click - waitCondition for element 'cerrar1 (By.xpath: (//button[@type='button'])[4])' not satisfied!
[2019-07-16 12:23:52] [IMessager.java] [19] [INFO] INFO:  TEST [GSM arena web tests - testLoginSucces] FAILED at [12:23:52 2019-07-16] - Unable to detect element: cerrar1 (By.xpath: (//button[@type='button'])[4])

com.qaprosoft.carina.core.foundation.webdriver.decorator.ExtendedWebElement.doAction(ExtendedWebElement.java:1383)
com.qaprosoft.carina.core.foundation.webdriver.decorator.ExtendedWebElement.doAction(ExtendedWebElement.java:1337)
com.qaprosoft.carina.core.foundation.webdriver.decorator.ExtendedWebElement.click(ExtendedWebElement.java:491)
com.qaprosoft.carina.core.foundation.webdriver.decorator.ExtendedWebElement.click(ExtendedWebElement.java:477)
com.qaprosoft.carina.core.foundation.webdriver.decorator.ExtendedWebElement.click(ExtendedWebElement.java:468)
com.test.forte.demo.gui.pages.Login.quitAdvertise1(Login.java:63)
com.test.forte.demo.Registro_test.testLoginSucces(Registro_test.java:57)
java.base/jdk.internal.reflect.NativeMethodAccessorImpl.invoke0(Native Method)
java.base/jdk.internal.reflect.NativeMethodAccessorImpl.invoke(NativeMethodAccessorImpl.java:62)
java.base/jdk.internal.reflect.DelegatingMethodAccessorImpl.invoke(DelegatingMethodAccessorImpl.java:43)
java.base/java.lang.reflect.Method.invoke(Method.java:566)
org.testng.internal.MethodInvocationHelper.invokeMethod(MethodInvocationHelper.java:124)
org.testng.internal.MethodInvocationHelper$1.runTestMethod(MethodInvocationHelper.java:230)
com.qaprosoft.zafira.listener.ZafiraListener.run(ZafiraListener.java:467)
org.testng.internal.MethodInvocationHelper.invokeHookable(MethodInvocationHelper.java:242)
org.testng.internal.Invoker.invokeMethod(Invoker.java:579)
org.testng.internal.Invoker.invokeTestMethod(Invoker.java:719)
org.testng.internal.Invoker.invokeTestMethods(Invoker.java:989)
org.testng.internal.TestMethodWorker.invokeTestMethods(TestMethodWorker.java:125)
org.testng.internal.TestMethodWorker.run(TestMethodWorker.java:109)
org.testng.TestRunner.privateRun(TestRunner.java:648)
org.testng.TestRunner.run(TestRunner.java:505)
org.testng.SuiteRunner.runTest(SuiteRunner.java:455)
org.testng.SuiteRunner.access$000(SuiteRunner.java:40)
org.testng.SuiteRunner$SuiteWorker.run(SuiteRunner.java:489)
org.testng.internal.thread.ThreadUtil$1.call(ThreadUtil.java:52)
java.base/java.util.concurrent.FutureTask.run(FutureTask.java:264)
java.base/java.util.concurrent.ThreadPoolExecutor.runWorker(ThreadPoolExecutor.java:1128)
java.base/java.util.concurrent.ThreadPoolExecutor$Worker.run(ThreadPoolExecutor.java:628)
java.base/java.lang.Thread.run(Thread.java:834)
